\BOOKMARK [1][-]{section.1}{\376\377\000I\000n\000t\000r\000o\000d\000u\000c\000t\000i\000o\000n}{}% 1
\BOOKMARK [2][-]{subsection.1.1}{\376\377\000O\000b\000j\000e\000c\000t\000i\000v\000e\000s\000\040\000a\000n\000d\000\040\000S\000u\000c\000c\000e\000s\000s\000\040\000C\000r\000i\000t\000e\000r\000i\000a}{section.1}% 2
\BOOKMARK [2][-]{subsection.1.2}{\376\377\000C\000o\000n\000t\000r\000i\000b\000u\000t\000i\000o\000n\000s\000\040\000a\000n\000d\000\040\000T\000e\000a\000m\000\040\000R\000o\000l\000e\000s}{section.1}% 3
\BOOKMARK [1][-]{section.2}{\376\377\000W\000o\000r\000k\000f\000l\000o\000w\000\040\000o\000f\000\040\000t\000h\000e\000\040\000P\000r\000o\000j\000e\000c\000t}{}% 4
\BOOKMARK [2][-]{subsection.2.1}{\376\377\000G\000l\000o\000b\000a\000l\000\040\000P\000a\000t\000h\000\040\000P\000l\000a\000n\000n\000i\000n\000g\000\040\000\050\000P\000a\000o\000l\000o\000\051}{section.2}% 5
\BOOKMARK [3][-]{subsubsection.2.1.1}{\376\377\000A\000l\000g\000o\000r\000i\000t\000h\000m\000\040\000C\000h\000o\000i\000c\000e\000\040\000\046\000\040\000R\000a\000t\000i\000o\000n\000a\000l\000e}{subsection.2.1}% 6
\BOOKMARK [3][-]{subsubsection.2.1.2}{\376\377\000I\000m\000p\000l\000e\000m\000e\000n\000t\000a\000t\000i\000o\000n\000\040\000D\000e\000t\000a\000i\000l\000s}{subsection.2.1}% 7
\BOOKMARK [3][-]{subsubsection.2.1.3}{\376\377\000T\000e\000s\000t\000s\000\040\000\046\000\040\000M\000e\000t\000r\000i\000c\000s}{subsection.2.1}% 8
\BOOKMARK [3][-]{subsubsection.2.1.4}{\376\377\000C\000h\000a\000l\000l\000e\000n\000g\000e\000s\000\040\000E\000n\000c\000o\000u\000n\000t\000e\000r\000e\000d\000\040\000\046\000\040\000F\000i\000x\000e\000s}{subsection.2.1}% 9
\BOOKMARK [2][-]{subsection.2.2}{\376\377\000O\000r\000b\000i\000t\000\040\000C\000o\000n\000t\000r\000o\000l\000l\000e\000r\000\040\000\050\000R\000a\000f\000f\000a\000e\000l\000e\000\051}{section.2}% 10
\BOOKMARK [3][-]{subsubsection.2.2.1}{\376\377\000T\000r\000a\000j\000e\000c\000t\000o\000r\000y\000\040\000G\000e\000n\000e\000r\000a\000t\000o\000r\000\040\000\046\000\040\000C\000o\000n\000t\000r\000o\000l\000\040\000L\000a\000w}{subsection.2.2}% 11
\BOOKMARK [3][-]{subsubsection.2.2.2}{\376\377\000I\000m\000p\000l\000e\000m\000e\000n\000t\000a\000t\000i\000o\000n\000\040\000D\000e\000t\000a\000i\000l\000s}{subsection.2.2}% 12
\BOOKMARK [3][-]{subsubsection.2.2.3}{\376\377\000T\000e\000s\000t\000s\000\040\000\046\000\040\000M\000e\000t\000r\000i\000c\000s}{subsection.2.2}% 13
\BOOKMARK [3][-]{subsubsection.2.2.4}{\376\377\000C\000h\000a\000l\000l\000e\000n\000g\000e\000s\000\040\000E\000n\000c\000o\000u\000n\000t\000e\000r\000e\000d\000\040\000\046\000\040\000F\000i\000x\000e\000s}{subsection.2.2}% 14
\BOOKMARK [2][-]{subsection.2.3}{\376\377\000W\000e\000a\000k\040\021\000S\000p\000o\000t\000\040\000D\000e\000t\000e\000c\000t\000i\000o\000n\000\040\000\046\000\040\000S\000h\000o\000o\000t\000i\000n\000g\000\040\000\050\000F\000r\000a\000n\000c\000e\000s\000c\000o\000\051}{section.2}% 15
\BOOKMARK [3][-]{subsubsection.2.3.1}{\376\377\000S\000e\000n\000s\000i\000n\000g\000\040\000\046\000\040\000S\000c\000o\000r\000i\000n\000g\000\040\000F\000u\000n\000c\000t\000i\000o\000n}{subsection.2.3}% 16
\BOOKMARK [3][-]{subsubsection.2.3.2}{\376\377\000B\000a\000l\000l\000i\000s\000t\000i\000c\000\040\000M\000o\000d\000e\000l\000\040\000/\000\040\000A\000c\000t\000u\000a\000t\000i\000o\000n\000\040\000T\000i\000m\000i\000n\000g}{subsection.2.3}% 17
\BOOKMARK [3][-]{subsubsection.2.3.3}{\376\377\000T\000e\000s\000t\000s\000\040\000\046\000\040\000M\000e\000t\000r\000i\000c\000s}{subsection.2.3}% 18
\BOOKMARK [3][-]{subsubsection.2.3.4}{\376\377\000C\000h\000a\000l\000l\000e\000n\000g\000e\000s\000\040\000E\000n\000c\000o\000u\000n\000t\000e\000r\000e\000d\000\040\000\046\000\040\000F\000i\000x\000e\000s}{subsection.2.3}% 19
\BOOKMARK [1][-]{section.3}{\376\377\000S\000y\000s\000t\000e\000m\000\040\000I\000n\000t\000e\000g\000r\000a\000t\000i\000o\000n}{}% 20
\BOOKMARK [2][-]{subsection.3.1}{\376\377\000R\000O\000S\000\240\0002\000\040\000N\000o\000d\000e\000\040\000G\000r\000a\000p\000h\000\040\000\046\000\040\000C\000o\000m\000m\000u\000n\000i\000c\000a\000t\000i\000o\000n\000\040\000C\000h\000a\000n\000n\000e\000l\000s}{section.3}% 21
\BOOKMARK [2][-]{subsection.3.2}{\376\377\000I\000n\000t\000e\000g\000r\000a\000t\000i\000o\000n\000\040\000S\000t\000r\000a\000t\000e\000g\000y\000\040\000a\000n\000d\000\040\000V\000e\000r\000s\000i\000o\000n\000\040\000C\000o\000n\000t\000r\000o\000l}{section.3}% 22
\BOOKMARK [2][-]{subsection.3.3}{\376\377\000O\000b\000s\000e\000r\000v\000e\000d\000\040\000F\000a\000i\000l\000u\000r\000e\000\040\000M\000o\000d\000e\000s\000\040\000\046\000\040\000M\000i\000t\000i\000g\000a\000t\000i\000o\000n\000s}{section.3}% 23
\BOOKMARK [1][-]{section.4}{\376\377\000R\000e\000s\000u\000l\000t\000s}{}% 24
\BOOKMARK [1][-]{section.5}{\376\377\000C\000o\000n\000c\000l\000u\000s\000i\000o\000n\000\040\000\046\000\040\000F\000u\000t\000u\000r\000e\000\040\000I\000m\000p\000r\000o\000v\000e\000m\000e\000n\000t\000s}{}% 25
\BOOKMARK [2][-]{subsection.5.1}{\376\377\000P\000o\000t\000e\000n\000t\000i\000a\000l\000\040\000I\000m\000p\000r\000o\000v\000e\000m\000e\000n\000t\000s}{section.5}% 26
\BOOKMARK [2][-]{subsection.5.2}{\376\377\000U\000n\000e\000x\000p\000l\000o\000r\000e\000d\000\040\000I\000d\000e\000a\000s}{section.5}% 27
